mode: set
github.com/abhinav0299/moviesApi/internal/stores/MovieDatabase.go:13.31,15.2 1 1
github.com/abhinav0299/moviesApi/internal/stores/MovieDatabase.go:17.71,20.16 3 1
github.com/abhinav0299/moviesApi/internal/stores/MovieDatabase.go:48.2,48.28 1 1
github.com/abhinav0299/moviesApi/internal/stores/MovieDatabase.go:20.16,25.3 2 1
github.com/abhinav0299/moviesApi/internal/stores/MovieDatabase.go:25.8,28.10 3 1
github.com/abhinav0299/moviesApi/internal/stores/MovieDatabase.go:42.3,46.4 1 1
github.com/abhinav0299/moviesApi/internal/stores/MovieDatabase.go:28.10,30.18 2 1
github.com/abhinav0299/moviesApi/internal/stores/MovieDatabase.go:30.18,35.5 2 0
github.com/abhinav0299/moviesApi/internal/stores/MovieDatabase.go:36.9,41.4 2 0
github.com/abhinav0299/moviesApi/internal/stores/MovieDatabase.go:50.78,53.15 3 1
github.com/abhinav0299/moviesApi/internal/stores/MovieDatabase.go:59.2,60.16 2 1
github.com/abhinav0299/moviesApi/internal/stores/MovieDatabase.go:66.2,73.28 3 1
github.com/abhinav0299/moviesApi/internal/stores/MovieDatabase.go:53.15,58.3 2 1
github.com/abhinav0299/moviesApi/internal/stores/MovieDatabase.go:60.16,65.3 2 0
